reading file: sample.in
V= 1.00000000000000000000e+012
C= 1.00000000000000000000e-008 
A= 9.99999999999999950000e-008 
a_sort= 9.99999999999999950000e-008
a_red= 9.99999999999999950000e-007
a_master= 9.99999999999999950000e-008
comm_master_size= 8.00000000000000000000e+000
gamma= 1.00000000000000010000e-001
gamma1= 1.00000000000000000000e-002
m= 1000
r= 100
bisection= 1000
key_num= 1000000
method0_time 3.39222687841201260000e+004
divide_keys_time 4.55806374614345620000e+003
static_2_time 3.21570192058857060000e+004
static_10_time 3.06652205374156840000e+004
mixed_0.50_10_10_time 3.06427910338457730000e+004
mixed_0.90_10_10_time 3.06618559403357610000e+004
dynamic_multi_time 3.29997864803081250000e+004
dynamic_multi_transfers 1
method0_IQR 3.55611216687695820000e-002
divide_keys_IQR 6.30147266833525070000e-006
static_2_IQR 2.87593287256335820000e-002
static_10_IQR 1.13598423731924030000e-003
mixed_0.50_10_10_IQR 2.63820683278112590000e-004
mixed_0.90_10_10_IQR 4.38554766332394100000e-004
dynamic_multi_IQR 3.83183211811024270000e-002
method0_stdev 1.08712051499961830000e-001
divide_keys_stdev 4.59627497714960860000e-003
static_2_stdev 1.02247539534568290000e-001
static_10_stdev 9.90772135240110400000e-002
mixed_0.50_10_10_stdev 9.91575683254126010000e-002
mixed_0.90_10_10_stdev 9.90954589055181300000e-002
dynamic_multi_stdev 1.29278726742831310000e-001
divide_keys_balance_partitioning 2.62758683177319770000e+002
divide_keys_balance_merge_comm 8.02248699999999930000e-001
divide_keys_balance_merging 2.01343688352651040000e+002
divide_keys_balance_total 4.64904620229970820000e+002
static_2_balance_cost 5.22857542475909860000e-002
static_10_balance_cost 2.61660964047443660000e-001
mixed_0.50_10_10_balance_cost 2.61660964047443660000e-001
mixed_0.90_10_10_balance_cost 2.61660964047443660000e-001
dynamic_balance_total_time 9.22484111812082120000e+000
dynamic_balance_sum_of_times 9.22484111811999160000e+000
